<?xml version="1.0" encoding="UTF-8"?>
<testsuite xmlns:xsi="http://www.w3.org/2001/XMLSchema-instance" xsi:noNamespaceSchemaLocation="https://maven.apache.org/surefire/maven-surefire-plugin/xsd/surefire-test-report.xsd" version="3.0.2" name="com.example.CucumberTest" time="0.206" tests="9" errors="0" skipped="0" failures="0">
  <properties>
    <property name="java.specification.version" value="21"/>
    <property name="sun.jnu.encoding" value="UTF-8"/>
    <property name="java.class.path" value="/home/brunotavaresz/Secretária/UA/TQS/tqs_113372/lab5/lab5_1/cucumber/target/test-classes:/home/brunotavaresz/Secretária/UA/TQS/tqs_113372/lab5/lab5_1/cucumber/target/classes:/home/brunotavaresz/.m2/repository/org/slf4j/slf4j-api/2.0.12/slf4j-api-2.0.12.jar:/home/brunotavaresz/.m2/repository/ch/qos/logback/logback-classic/1.5.3/logback-classic-1.5.3.jar:/home/brunotavaresz/.m2/repository/ch/qos/logback/logback-core/1.5.3/logback-core-1.5.3.jar:/home/brunotavaresz/.m2/repository/org/junit/jupiter/junit-jupiter/5.10.2/junit-jupiter-5.10.2.jar:/home/brunotavaresz/.m2/repository/org/junit/jupiter/junit-jupiter-api/5.10.2/junit-jupiter-api-5.10.2.jar:/home/brunotavaresz/.m2/repository/org/opentest4j/opentest4j/1.3.0/opentest4j-1.3.0.jar:/home/brunotavaresz/.m2/repository/org/junit/platform/junit-platform-commons/1.10.2/junit-platform-commons-1.10.2.jar:/home/brunotavaresz/.m2/repository/org/junit/jupiter/junit-jupiter-params/5.10.2/junit-jupiter-params-5.10.2.jar:/home/brunotavaresz/.m2/repository/org/junit/jupiter/junit-jupiter-engine/5.10.2/junit-jupiter-engine-5.10.2.jar:/home/brunotavaresz/.m2/repository/org/junit/platform/junit-platform-suite/1.10.1/junit-platform-suite-1.10.1.jar:/home/brunotavaresz/.m2/repository/org/junit/platform/junit-platform-suite-api/1.10.1/junit-platform-suite-api-1.10.1.jar:/home/brunotavaresz/.m2/repository/org/junit/platform/junit-platform-suite-engine/1.10.1/junit-platform-suite-engine-1.10.1.jar:/home/brunotavaresz/.m2/repository/org/junit/platform/junit-platform-suite-commons/1.10.1/junit-platform-suite-commons-1.10.1.jar:/home/brunotavaresz/.m2/repository/org/junit/platform/junit-platform-launcher/1.10.1/junit-platform-launcher-1.10.1.jar:/home/brunotavaresz/.m2/repository/io/cucumber/cucumber-java/7.15.0/cucumber-java-7.15.0.jar:/home/brunotavaresz/.m2/repository/io/cucumber/cucumber-core/7.15.0/cucumber-core-7.15.0.jar:/home/brunotavaresz/.m2/repository/io/cucumber/cucumber-gherkin/7.15.0/cucumber-gherkin-7.15.0.jar:/home/brunotavaresz/.m2/repository/io/cucumber/cucumber-gherkin-messages/7.15.0/cucumber-gherkin-messages-7.15.0.jar:/home/brunotavaresz/.m2/repository/io/cucumber/gherkin/26.2.0/gherkin-26.2.0.jar:/home/brunotavaresz/.m2/repository/io/cucumber/messages/22.0.0/messages-22.0.0.jar:/home/brunotavaresz/.m2/repository/io/cucumber/tag-expressions/6.0.0/tag-expressions-6.0.0.jar:/home/brunotavaresz/.m2/repository/io/cucumber/cucumber-expressions/17.0.1/cucumber-expressions-17.0.1.jar:/home/brunotavaresz/.m2/repository/io/cucumber/datatable/7.15.0/datatable-7.15.0.jar:/home/brunotavaresz/.m2/repository/io/cucumber/cucumber-plugin/7.15.0/cucumber-plugin-7.15.0.jar:/home/brunotavaresz/.m2/repository/io/cucumber/docstring/7.15.0/docstring-7.15.0.jar:/home/brunotavaresz/.m2/repository/io/cucumber/html-formatter/20.4.0/html-formatter-20.4.0.jar:/home/brunotavaresz/.m2/repository/io/cucumber/junit-xml-formatter/0.2.0/junit-xml-formatter-0.2.0.jar:/home/brunotavaresz/.m2/repository/io/cucumber/ci-environment/10.0.0/ci-environment-10.0.0.jar:/home/brunotavaresz/.m2/repository/org/apiguardian/apiguardian-api/1.1.2/apiguardian-api-1.1.2.jar:/home/brunotavaresz/.m2/repository/io/cucumber/cucumber-junit-platform-engine/7.15.0/cucumber-junit-platform-engine-7.15.0.jar:/home/brunotavaresz/.m2/repository/org/junit/platform/junit-platform-engine/1.10.1/junit-platform-engine-1.10.1.jar:"/>
    <property name="java.vm.vendor" value="Ubuntu"/>
    <property name="sun.arch.data.model" value="64"/>
    <property name="java.vendor.url" value="https://ubuntu.com/"/>
    <property name="os.name" value="Linux"/>
    <property name="java.vm.specification.version" value="21"/>
    <property name="sun.java.launcher" value="SUN_STANDARD"/>
    <property name="user.country" value="PT"/>
    <property name="sun.boot.library.path" value="/usr/lib/jvm/java-21-openjdk-amd64/lib"/>
    <property name="sun.java.command" value="/home/brunotavaresz/Secretária/UA/TQS/tqs_113372/lab5/lab5_1/cucumber/target/surefire/surefirebooter-20250318230254658_3.jar /home/brunotavaresz/Secretária/UA/TQS/tqs_113372/lab5/lab5_1/cucumber/target/surefire 2025-03-18T23-02-54_559-jvmRun1 surefire-20250318230254658_1tmp surefire_0-20250318230254658_2tmp"/>
    <property name="jdk.debug" value="release"/>
    <property name="surefire.test.class.path" value="/home/brunotavaresz/Secretária/UA/TQS/tqs_113372/lab5/lab5_1/cucumber/target/test-classes:/home/brunotavaresz/Secretária/UA/TQS/tqs_113372/lab5/lab5_1/cucumber/target/classes:/home/brunotavaresz/.m2/repository/org/slf4j/slf4j-api/2.0.12/slf4j-api-2.0.12.jar:/home/brunotavaresz/.m2/repository/ch/qos/logback/logback-classic/1.5.3/logback-classic-1.5.3.jar:/home/brunotavaresz/.m2/repository/ch/qos/logback/logback-core/1.5.3/logback-core-1.5.3.jar:/home/brunotavaresz/.m2/repository/org/junit/jupiter/junit-jupiter/5.10.2/junit-jupiter-5.10.2.jar:/home/brunotavaresz/.m2/repository/org/junit/jupiter/junit-jupiter-api/5.10.2/junit-jupiter-api-5.10.2.jar:/home/brunotavaresz/.m2/repository/org/opentest4j/opentest4j/1.3.0/opentest4j-1.3.0.jar:/home/brunotavaresz/.m2/repository/org/junit/platform/junit-platform-commons/1.10.2/junit-platform-commons-1.10.2.jar:/home/brunotavaresz/.m2/repository/org/junit/jupiter/junit-jupiter-params/5.10.2/junit-jupiter-params-5.10.2.jar:/home/brunotavaresz/.m2/repository/org/junit/jupiter/junit-jupiter-engine/5.10.2/junit-jupiter-engine-5.10.2.jar:/home/brunotavaresz/.m2/repository/org/junit/platform/junit-platform-suite/1.10.1/junit-platform-suite-1.10.1.jar:/home/brunotavaresz/.m2/repository/org/junit/platform/junit-platform-suite-api/1.10.1/junit-platform-suite-api-1.10.1.jar:/home/brunotavaresz/.m2/repository/org/junit/platform/junit-platform-suite-engine/1.10.1/junit-platform-suite-engine-1.10.1.jar:/home/brunotavaresz/.m2/repository/org/junit/platform/junit-platform-suite-commons/1.10.1/junit-platform-suite-commons-1.10.1.jar:/home/brunotavaresz/.m2/repository/org/junit/platform/junit-platform-launcher/1.10.1/junit-platform-launcher-1.10.1.jar:/home/brunotavaresz/.m2/repository/io/cucumber/cucumber-java/7.15.0/cucumber-java-7.15.0.jar:/home/brunotavaresz/.m2/repository/io/cucumber/cucumber-core/7.15.0/cucumber-core-7.15.0.jar:/home/brunotavaresz/.m2/repository/io/cucumber/cucumber-gherkin/7.15.0/cucumber-gherkin-7.15.0.jar:/home/brunotavaresz/.m2/repository/io/cucumber/cucumber-gherkin-messages/7.15.0/cucumber-gherkin-messages-7.15.0.jar:/home/brunotavaresz/.m2/repository/io/cucumber/gherkin/26.2.0/gherkin-26.2.0.jar:/home/brunotavaresz/.m2/repository/io/cucumber/messages/22.0.0/messages-22.0.0.jar:/home/brunotavaresz/.m2/repository/io/cucumber/tag-expressions/6.0.0/tag-expressions-6.0.0.jar:/home/brunotavaresz/.m2/repository/io/cucumber/cucumber-expressions/17.0.1/cucumber-expressions-17.0.1.jar:/home/brunotavaresz/.m2/repository/io/cucumber/datatable/7.15.0/datatable-7.15.0.jar:/home/brunotavaresz/.m2/repository/io/cucumber/cucumber-plugin/7.15.0/cucumber-plugin-7.15.0.jar:/home/brunotavaresz/.m2/repository/io/cucumber/docstring/7.15.0/docstring-7.15.0.jar:/home/brunotavaresz/.m2/repository/io/cucumber/html-formatter/20.4.0/html-formatter-20.4.0.jar:/home/brunotavaresz/.m2/repository/io/cucumber/junit-xml-formatter/0.2.0/junit-xml-formatter-0.2.0.jar:/home/brunotavaresz/.m2/repository/io/cucumber/ci-environment/10.0.0/ci-environment-10.0.0.jar:/home/brunotavaresz/.m2/repository/org/apiguardian/apiguardian-api/1.1.2/apiguardian-api-1.1.2.jar:/home/brunotavaresz/.m2/repository/io/cucumber/cucumber-junit-platform-engine/7.15.0/cucumber-junit-platform-engine-7.15.0.jar:/home/brunotavaresz/.m2/repository/org/junit/platform/junit-platform-engine/1.10.1/junit-platform-engine-1.10.1.jar:"/>
    <property name="sun.cpu.endian" value="little"/>
    <property name="user.home" value="/home/brunotavaresz"/>
    <property name="user.language" value="pt"/>
    <property name="java.specification.vendor" value="Oracle Corporation"/>
    <property name="java.version.date" value="2025-01-21"/>
    <property name="java.home" value="/usr/lib/jvm/java-21-openjdk-amd64"/>
    <property name="file.separator" value="/"/>
    <property name="basedir" value="/home/brunotavaresz/Secretária/UA/TQS/tqs_113372/lab5/lab5_1/cucumber"/>
    <property name="java.vm.compressedOopsMode" value="Zero based"/>
    <property name="line.separator" value="&#10;"/>
    <property name="java.specification.name" value="Java Platform API Specification"/>
    <property name="java.vm.specification.vendor" value="Oracle Corporation"/>
    <property name="surefire.real.class.path" value="/home/brunotavaresz/Secretária/UA/TQS/tqs_113372/lab5/lab5_1/cucumber/target/surefire/surefirebooter-20250318230254658_3.jar"/>
    <property name="sun.management.compiler" value="HotSpot 64-Bit Tiered Compilers"/>
    <property name="java.runtime.version" value="21.0.6+7-Ubuntu-124.04.1"/>
    <property name="user.name" value="brunotavaresz"/>
    <property name="stdout.encoding" value="UTF-8"/>
    <property name="path.separator" value=":"/>
    <property name="os.version" value="6.11.0-19-generic"/>
    <property name="java.runtime.name" value="OpenJDK Runtime Environment"/>
    <property name="file.encoding" value="UTF-8"/>
    <property name="java.vm.name" value="OpenJDK 64-Bit Server VM"/>
    <property name="localRepository" value="/home/brunotavaresz/.m2/repository"/>
    <property name="java.vendor.url.bug" value="https://bugs.launchpad.net/ubuntu/+source/openjdk-21"/>
    <property name="java.io.tmpdir" value="/tmp"/>
    <property name="java.version" value="21.0.6"/>
    <property name="user.dir" value="/home/brunotavaresz/Secretária/UA/TQS/tqs_113372/lab5/lab5_1/cucumber"/>
    <property name="os.arch" value="amd64"/>
    <property name="java.vm.specification.name" value="Java Virtual Machine Specification"/>
    <property name="native.encoding" value="UTF-8"/>
    <property name="java.library.path" value="/usr/java/packages/lib:/usr/lib/x86_64-linux-gnu/jni:/lib/x86_64-linux-gnu:/usr/lib/x86_64-linux-gnu:/usr/lib/jni:/lib:/usr/lib"/>
    <property name="java.vm.info" value="mixed mode, sharing"/>
    <property name="stderr.encoding" value="UTF-8"/>
    <property name="java.vendor" value="Ubuntu"/>
    <property name="java.vm.version" value="21.0.6+7-Ubuntu-124.04.1"/>
    <property name="sun.io.unicode.encoding" value="UnicodeLittle"/>
    <property name="java.class.version" value="65.0"/>
  </properties>
  <testcase name="Addition" classname="Basic Arithmetic" time="0.074">
    <system-out><![CDATA[
@calc_sample
Scenario: Addition                    &amp#27;[90m# com/example/calculator_ops.feature:5&amp#27;[0m
  &amp#27;[32mGiven &amp#27;[0m&amp#27;[32ma calculator I just turned on&amp#27;[0m &amp#27;[90m# com.example.CalculatorSteps.setup()&amp#27;[0m
  &amp#27;[32mWhen &amp#27;[0m&amp#27;[32mI add &amp#27;[0m&amp#27;[32m&amp#27;[1m4&amp#27;[0m&amp#27;[32m and &amp#27;[0m&amp#27;[32m&amp#27;[1m7&amp#27;[0m                  &amp#27;[90m# com.example.CalculatorSteps.add(int,int)&amp#27;[0m
  &amp#27;[32mThen &amp#27;[0m&amp#27;[32mthe result is &amp#27;[0m&amp#27;[32m&amp#27;[1m11&amp#27;[0m               &amp#27;[90m# com.example.CalculatorSteps.the_result_is(double)&amp#27;[0m
]]></system-out>
  </testcase>
  <testcase name="Substraction" classname="Basic Arithmetic" time="0.005">
    <system-out><![CDATA[
@calc_sample
Scenario: Substraction                &amp#27;[90m# com/example/calculator_ops.feature:8&amp#27;[0m
  &amp#27;[32mGiven &amp#27;[0m&amp#27;[32ma calculator I just turned on&amp#27;[0m &amp#27;[90m# com.example.CalculatorSteps.setup()&amp#27;[0m
  &amp#27;[32mWhen &amp#27;[0m&amp#27;[32mI subtract &amp#27;[0m&amp#27;[32m&amp#27;[1m2&amp#27;[0m&amp#27;[32m to &amp#27;[0m&amp#27;[32m&amp#27;[1m7&amp#27;[0m              &amp#27;[90m# com.example.CalculatorSteps.substract(int,int)&amp#27;[0m
  &amp#27;[32mThen &amp#27;[0m&amp#27;[32mthe result is &amp#27;[0m&amp#27;[32m&amp#27;[1m5&amp#27;[0m                &amp#27;[90m# com.example.CalculatorSteps.the_result_is(double)&amp#27;[0m
]]></system-out>
  </testcase>
  <testcase name="Multiplication" classname="Basic Arithmetic" time="0.005">
    <system-out><![CDATA[
@calc_sample
Scenario: Multiplication              &amp#27;[90m# com/example/calculator_ops.feature:18&amp#27;[0m
  &amp#27;[32mGiven &amp#27;[0m&amp#27;[32ma calculator I just turned on&amp#27;[0m &amp#27;[90m# com.example.CalculatorSteps.setup()&amp#27;[0m
  &amp#27;[32mWhen &amp#27;[0m&amp#27;[32mI multiply &amp#27;[0m&amp#27;[32m&amp#27;[1m8&amp#27;[0m&amp#27;[32m by &amp#27;[0m&amp#27;[32m&amp#27;[1m3&amp#27;[0m              &amp#27;[90m# com.example.CalculatorSteps.multiplication(int,int)&amp#27;[0m
  &amp#27;[32mThen &amp#27;[0m&amp#27;[32mthe result is &amp#27;[0m&amp#27;[32m&amp#27;[1m24&amp#27;[0m               &amp#27;[90m# com.example.CalculatorSteps.the_result_is(double)&amp#27;[0m
]]></system-out>
  </testcase>
  <testcase name="Division" classname="Basic Arithmetic" time="0.005">
    <system-out><![CDATA[
@calc_sample
Scenario: Division                    &amp#27;[90m# com/example/calculator_ops.feature:21&amp#27;[0m
  &amp#27;[32mGiven &amp#27;[0m&amp#27;[32ma calculator I just turned on&amp#27;[0m &amp#27;[90m# com.example.CalculatorSteps.setup()&amp#27;[0m
  &amp#27;[32mWhen &amp#27;[0m&amp#27;[32mI divide &amp#27;[0m&amp#27;[32m&amp#27;[1m10&amp#27;[0m&amp#27;[32m by &amp#27;[0m&amp#27;[32m&amp#27;[1m2&amp#27;[0m               &amp#27;[90m# com.example.CalculatorSteps.division(int,int)&amp#27;[0m
  &amp#27;[32mThen &amp#27;[0m&amp#27;[32mthe result is &amp#27;[0m&amp#27;[32m&amp#27;[1m5&amp#27;[0m                &amp#27;[90m# com.example.CalculatorSteps.the_result_is(double)&amp#27;[0m
]]></system-out>
  </testcase>
  <testcase name="Invalid Operations" classname="Basic Arithmetic" time="0.006">
    <system-out><![CDATA[
@calc_sample
Scenario: Invalid Operations          &amp#27;[90m# com/example/calculator_ops.feature:31&amp#27;[0m
  &amp#27;[32mGiven &amp#27;[0m&amp#27;[32ma calculator I just turned on&amp#27;[0m &amp#27;[90m# com.example.CalculatorSteps.setup()&amp#27;[0m
  &amp#27;[32mWhen &amp#27;[0m&amp#27;[32mI divide &amp#27;[0m&amp#27;[32m&amp#27;[1m1&amp#27;[0m&amp#27;[32m by &amp#27;[0m&amp#27;[32m&amp#27;[1m0&amp#27;[0m                &amp#27;[90m# com.example.CalculatorSteps.division(int,int)&amp#27;[0m
  &amp#27;[32mThen &amp#27;[0m&amp#27;[32mthe result was an error&amp#27;[0m        &amp#27;[90m# com.example.CalculatorSteps.the_result_error()&amp#27;[0m
]]></system-out>
  </testcase>
  <testcase name="Example #1.1" classname="Single digits" time="0.007">
    <system-out><![CDATA[
@calc_sample
Scenario Outline: Several additions   &amp#27;[90m# com/example/calculator_ops.feature:16&amp#27;[0m
  &amp#27;[32mGiven &amp#27;[0m&amp#27;[32ma calculator I just turned on&amp#27;[0m &amp#27;[90m# com.example.CalculatorSteps.setup()&amp#27;[0m
  &amp#27;[32mWhen &amp#27;[0m&amp#27;[32mI add &amp#27;[0m&amp#27;[32m&amp#27;[1m1&amp#27;[0m&amp#27;[32m and &amp#27;[0m&amp#27;[32m&amp#27;[1m2&amp#27;[0m                  &amp#27;[90m# com.example.CalculatorSteps.add(int,int)&amp#27;[0m
  &amp#27;[32mThen &amp#27;[0m&amp#27;[32mthe result is &amp#27;[0m&amp#27;[32m&amp#27;[1m3&amp#27;[0m                &amp#27;[90m# com.example.CalculatorSteps.the_result_is(double)&amp#27;[0m
]]></system-out>
  </testcase>
  <testcase name="Example #1.2" classname="Single digits" time="0.007">
    <system-out><![CDATA[
@calc_sample
Scenario Outline: Several additions   &amp#27;[90m# com/example/calculator_ops.feature:17&amp#27;[0m
  &amp#27;[32mGiven &amp#27;[0m&amp#27;[32ma calculator I just turned on&amp#27;[0m &amp#27;[90m# com.example.CalculatorSteps.setup()&amp#27;[0m
  &amp#27;[32mWhen &amp#27;[0m&amp#27;[32mI add &amp#27;[0m&amp#27;[32m&amp#27;[1m3&amp#27;[0m&amp#27;[32m and &amp#27;[0m&amp#27;[32m&amp#27;[1m7&amp#27;[0m                  &amp#27;[90m# com.example.CalculatorSteps.add(int,int)&amp#27;[0m
  &amp#27;[32mThen &amp#27;[0m&amp#27;[32mthe result is &amp#27;[0m&amp#27;[32m&amp#27;[1m10&amp#27;[0m               &amp#27;[90m# com.example.CalculatorSteps.the_result_is(double)&amp#27;[0m
]]></system-out>
  </testcase>
  <testcase name="Example #1.1" classname="Operations" time="0.004">
    <system-out><![CDATA[
@calc_sample
Scenario Outline: Several divisions   &amp#27;[90m# com/example/calculator_ops.feature:29&amp#27;[0m
  &amp#27;[32mGiven &amp#27;[0m&amp#27;[32ma calculator I just turned on&amp#27;[0m &amp#27;[90m# com.example.CalculatorSteps.setup()&amp#27;[0m
  &amp#27;[32mWhen &amp#27;[0m&amp#27;[32mI divide &amp#27;[0m&amp#27;[32m&amp#27;[1m3&amp#27;[0m&amp#27;[32m by &amp#27;[0m&amp#27;[32m&amp#27;[1m4&amp#27;[0m                &amp#27;[90m# com.example.CalculatorSteps.division(int,int)&amp#27;[0m
  &amp#27;[32mThen &amp#27;[0m&amp#27;[32mthe result is &amp#27;[0m&amp#27;[32m&amp#27;[1m0.75&amp#27;[0m             &amp#27;[90m# com.example.CalculatorSteps.the_result_is(double)&amp#27;[0m
]]></system-out>
  </testcase>
  <testcase name="Example #1.2" classname="Operations" time="0.004">
    <system-out><![CDATA[
@calc_sample
Scenario Outline: Several divisions   &amp#27;[90m# com/example/calculator_ops.feature:30&amp#27;[0m
  &amp#27;[32mGiven &amp#27;[0m&amp#27;[32ma calculator I just turned on&amp#27;[0m &amp#27;[90m# com.example.CalculatorSteps.setup()&amp#27;[0m
  &amp#27;[32mWhen &amp#27;[0m&amp#27;[32mI divide &amp#27;[0m&amp#27;[32m&amp#27;[1m2&amp#27;[0m&amp#27;[32m by &amp#27;[0m&amp#27;[32m&amp#27;[1m10&amp#27;[0m               &amp#27;[90m# com.example.CalculatorSteps.division(int,int)&amp#27;[0m
  &amp#27;[32mThen &amp#27;[0m&amp#27;[32mthe result is &amp#27;[0m&amp#27;[32m&amp#27;[1m0.2&amp#27;[0m              &amp#27;[90m# com.example.CalculatorSteps.the_result_is(double)&amp#27;[0m
]]></system-out>
  </testcase>
</testsuite>